2026-06-03 18:54:19,195 - __main__ - INFO - ✅ تم تفعيل WAL mode لقاعدة البيانات
2026-06-03 18:54:19,208 - __main__ - INFO - ✅ Pool قاعدة البيانات بـ 5 اتصال
2026-06-03 18:54:19,209 - __main__ - INFO - ✅ قاعدة البيانات جاهزة
2026-06-03 18:54:19,379 - __main__ - INFO - ✅ يعمل بدون وكيل
2026-06-03 18:54:20,078 - httpx - INFO - HTTP Request: POST https://api.telegram.org/bot8232359959:AAHkrv7oHns4iteuHPJM8X-rxi5JMlyNX9I/setMyCommands "HTTP/1.1 200 OK"
2026-06-03 18:54:20,080 - __main__ - INFO - 🚀 بوت ريلاكس مانيجر - @Reelaaaxbot - @Reelaaaxbot يعمل بنجاح ✅ (النسخة 8.0 مع جميع التحسينات)
2026-06-03 18:54:20,278 - httpx - INFO - HTTP Request: POST https://api.telegram.org/bot8232359959:AAHkrv7oHns4iteuHPJM8X-rxi5JMlyNX9I/getMe "HTTP/1.1 200 OK"
2026-06-03 18:54:20,477 - httpx - INFO - HTTP Request: POST https://api.telegram.org/bot8232359959:AAHkrv7oHns4iteuHPJM8X-rxi5JMlyNX9I/deleteWebhook "HTTP/1.1 200 OK"
2026-06-03 18:54:20,479 - apscheduler.scheduler - INFO - Scheduler started
2026-06-03 18:54:20,480 - telegram.ext.Application - INFO - Application started
2026-06-03 18:54:31,225 - httpx - INFO - HTTP Request: POST https://api.telegram.org/bot8232359959:AAHkrv7oHns4iteuHPJM8X-rxi5JMlyNX9I/getUpdates "HTTP/1.1 200 OK"
2026-06-03 18:54:34,401 - httpx - INFO - HTTP Request: POST https://api.telegram.org/bot8232359959:AAHkrv7oHns4iteuHPJM8X-rxi5JMlyNX9I/getUpdates "HTTP/1.1 200 OK"
2026-06-03 18:54:35,191 - httpx - INFO - HTTP Request: POST https://api.telegram.org/bot8232359959:AAHkrv7oHns4iteuHPJM8X-rxi5JMlyNX9I/answerCallbackQuery "HTTP/1.1 200 OK"
2026-06-03 18:54:35,563 - httpx - INFO - HTTP Request: POST https://api.telegram.org/bot8232359959:AAHkrv7oHns4iteuHPJM8X-rxi5JMlyNX9I/editMessageText "HTTP/1.1 200 OK"
2026-06-03 18:54:37,262 - httpx - INFO - HTTP Request: POST https://api.telegram.org/bot8232359959:AAHkrv7oHns4iteuHPJM8X-rxi5JMlyNX9I/getUpdates "HTTP/1.1 200 OK"
2026-06-03 18:54:37,554 - httpx - INFO - HTTP Request: POST https://api.telegram.org/bot8232359959:AAHkrv7oHns4iteuHPJM8X-rxi5JMlyNX9I/answerCallbackQuery "HTTP/1.1 200 OK"
2026-06-03 18:54:37,825 - httpx - INFO - HTTP Request: POST https://api.telegram.org/bot8232359959:AAHkrv7oHns4iteuHPJM8X-rxi5JMlyNX9I/editMessageText "HTTP/1.1 200 OK"
2026-06-03 18:54:40,152 - httpx - INFO - HTTP Request: POST https://api.telegram.org/bot8232359959:AAHkrv7oHns4iteuHPJM8X-rxi5JMlyNX9I/getUpdates "HTTP/1.1 200 OK"
2026-06-03 18:54:40,395 - httpx - INFO - HTTP Request: POST https://api.telegram.org/bot8232359959:AAHkrv7oHns4iteuHPJM8X-rxi5JMlyNX9I/answerCallbackQuery "HTTP/1.1 200 OK"
2026-06-03 18:54:40,631 - httpx - INFO - HTTP Request: POST https://api.telegram.org/bot8232359959:AAHkrv7oHns4iteuHPJM8X-rxi5JMlyNX9I/editMessageText "HTTP/1.1 400 Bad Request"
2026-06-03 18:54:41,592 - httpx - INFO - HTTP Request: POST https://api.telegram.org/bot8232359959:AAHkrv7oHns4iteuHPJM8X-rxi5JMlyNX9I/getUpdates "HTTP/1.1 200 OK"
2026-06-03 18:54:41,844 - httpx - INFO - HTTP Request: POST https://api.telegram.org/bot8232359959:AAHkrv7oHns4iteuHPJM8X-rxi5JMlyNX9I/answerCallbackQuery "HTTP/1.1 200 OK"
2026-06-03 18:54:42,068 - httpx - INFO - HTTP Request: POST https://api.telegram.org/bot8232359959:AAHkrv7oHns4iteuHPJM8X-rxi5JMlyNX9I/editMessageText "HTTP/1.1 400 Bad Request"
2026-06-03 18:54:42,860 - httpx - INFO - HTTP Request: POST https://api.telegram.org/bot8232359959:AAHkrv7oHns4iteuHPJM8X-rxi5JMlyNX9I/getUpdates "HTTP/1.1 200 OK"
2026-06-03 18:54:43,112 - httpx - INFO - HTTP Request: POST https://api.telegram.org/bot8232359959:AAHkrv7oHns4iteuHPJM8X-rxi5JMlyNX9I/answerCallbackQuery "HTTP/1.1 200 OK"
2026-06-03 18:54:43,334 - httpx - INFO - HTTP Request: POST https://api.telegram.org/bot8232359959:AAHkrv7oHns4iteuHPJM8X-rxi5JMlyNX9I/editMessageText "HTTP/1.1 400 Bad Request"
2026-06-03 18:54:44,516 - httpx - INFO - HTTP Request: POST https://api.telegram.org/bot8232359959:AAHkrv7oHns4iteuHPJM8X-rxi5JMlyNX9I/getUpdates "HTTP/1.1 200 OK"
2026-06-03 18:54:44,772 - httpx - INFO - HTTP Request: POST https://api.telegram.org/bot8232359959:AAHkrv7oHns4iteuHPJM8X-rxi5JMlyNX9I/answerCallbackQuery "HTTP/1.1 200 OK"
2026-06-03 18:54:44,990 - httpx - INFO - HTTP Request: POST https://api.telegram.org/bot8232359959:AAHkrv7oHns4iteuHPJM8X-rxi5JMlyNX9I/editMessageText "HTTP/1.1 400 Bad Request"
2026-06-03 18:54:50,094 - __main__ - INFO - 📢 وجد 1 قناة تحتاج للنشر
2026-06-03 18:54:54,777 - httpx - INFO - HTTP Request: POST https://api.telegram.org/bot8232359959:AAHkrv7oHns4iteuHPJM8X-rxi5JMlyNX9I/getUpdates "HTTP/1.1 200 OK"
2026-06-03 18:55:05,018 - httpx - INFO - HTTP Request: POST https://api.telegram.org/bot8232359959:AAHkrv7oHns4iteuHPJM8X-rxi5JMlyNX9I/getUpdates "HTTP/1.1 200 OK"
2026-06-03 18:55:12,162 - httpx - INFO - HTTP Request: POST https://api.telegram.org/bot8232359959:AAHkrv7oHns4iteuHPJM8X-rxi5JMlyNX9I/getUpdates "HTTP/1.1 200 OK"
2026-06-03 18:55:22,378 - httpx - INFO - HTTP Request: POST https://api.telegram.org/bot8232359959:AAHkrv7oHns4iteuHPJM8X-rxi5JMlyNX9I/getUpdates "HTTP/1.1 200 OK"
2026-06-03 18:55:29,772 - httpx - INFO - HTTP Request: POST https://api.telegram.org/bot8232359959:AAHkrv7oHns4iteuHPJM8X-rxi5JMlyNX9I/getUpdates "HTTP/1.1 200 OK"
2026-06-03 18:55:35,114 - __main__ - INFO - 📢 وجد 1 قناة تحتاج للنشر
2026-06-03 18:55:40,040 - httpx - INFO - HTTP Request: POST https://api.telegram.org/bot8232359959:AAHkrv7oHns4iteuHPJM8X-rxi5JMlyNX9I/getUpdates "HTTP/1.1 200 OK"
2026-06-03 18:55:50,478 - httpx - INFO - HTTP Request: POST https://api.telegram.org/bot8232359959:AAHkrv7oHns4iteuHPJM8X-rxi5JMlyNX9I/getUpdates "HTTP/1.1 200 OK"
2026-06-03 18:56:00,691 - httpx - INFO - HTTP Request: POST https://api.telegram.org/bot8232359959:AAHkrv7oHns4iteuHPJM8X-rxi5JMlyNX9I/getUpdates "HTTP/1.1 200 OK"
2026-06-03 18:56:10,930 - httpx - INFO - HTTP Request: POST https://api.telegram.org/bot8232359959:AAHkrv7oHns4iteuHPJM8X-rxi5JMlyNX9I/getUpdates "HTTP/1.1 200 OK"
2026-06-03 18:56:20,131 - __main__ - INFO - 📢 وجد 1 قناة تحتاج للنشر
2026-06-03 18:56:21,205 - httpx - INFO - HTTP Request: POST https://api.telegram.org/bot8232359959:AAHkrv7oHns4iteuHPJM8X-rxi5JMlyNX9I/getUpdates "HTTP/1.1 200 OK"
2026-06-03 18:56:22,434 - httpx - INFO - HTTP Request: POST https://api.telegram.org/bot8232359959:AAHkrv7oHns4iteuHPJM8X-rxi5JMlyNX9I/getUpdates "HTTP/1.1 200 OK"
2026-06-03 18:56:23,190 - httpx - INFO - HTTP Request: POST https://api.telegram.org/bot8232359959:AAHkrv7oHns4iteuHPJM8X-rxi5JMlyNX9I/getChatMember "HTTP/1.1 200 OK"
2026-06-03 18:56:32,674 - httpx - INFO - HTTP Request: POST https://api.telegram.org/bot8232359959:AAHkrv7oHns4iteuHPJM8X-rxi5JMlyNX9I/getUpdates "HTTP/1.1 200 OK"
2026-06-03 18:56:33,084 - httpx - INFO - HTTP Request: POST https://api.telegram.org/bot8232359959:AAHkrv7oHns4iteuHPJM8X-rxi5JMlyNX9I/getUpdates "HTTP/1.1 200 OK"
2026-06-03 18:56:33,721 - httpx - INFO - HTTP Request: POST https://api.telegram.org/bot8232359959:AAHkrv7oHns4iteuHPJM8X-rxi5JMlyNX9I/getChatMember "HTTP/1.1 200 OK"
2026-06-03 18:56:42,301 - httpx - INFO - HTTP Request: POST https://api.telegram.org/bot8232359959:AAHkrv7oHns4iteuHPJM8X-rxi5JMlyNX9I/getUpdates "HTTP/1.1 200 OK"
2026-06-03 18:56:43,069 - httpx - INFO - HTTP Request: POST https://api.telegram.org/bot8232359959:AAHkrv7oHns4iteuHPJM8X-rxi5JMlyNX9I/getChatMember "HTTP/1.1 200 OK"
2026-06-03 18:56:51,893 - httpx - INFO - HTTP Request: POST https://api.telegram.org/bot8232359959:AAHkrv7oHns4iteuHPJM8X-rxi5JMlyNX9I/getUpdates "HTTP/1.1 200 OK"
2026-06-03 18:56:52,567 - httpx - INFO - HTTP Request: POST https://api.telegram.org/bot8232359959:AAHkrv7oHns4iteuHPJM8X-rxi5JMlyNX9I/getChatMember "HTTP/1.1 200 OK"
2026-06-03 18:56:52,978 - httpx - INFO - HTTP Request: POST https://api.telegram.org/bot8232359959:AAHkrv7oHns4iteuHPJM8X-rxi5JMlyNX9I/sendMessage "HTTP/1.1 200 OK"
2026-06-03 18:57:02,119 - httpx - INFO - HTTP Request: POST https://api.telegram.org/bot8232359959:AAHkrv7oHns4iteuHPJM8X-rxi5JMlyNX9I/getUpdates "HTTP/1.1 200 OK"
2026-06-03 18:57:05,148 - __main__ - INFO - 📢 وجد 1 قناة تحتاج للنشر
2026-06-03 18:57:12,346 - httpx - INFO - HTTP Request: POST https://api.telegram.org/bot8232359959:AAHkrv7oHns4iteuHPJM8X-rxi5JMlyNX9I/getUpdates "HTTP/1.1 200 OK"
2026-06-03 18:57:12,569 - httpx - INFO - HTTP Request: POST https://api.telegram.org/bot8232359959:AAHkrv7oHns4iteuHPJM8X-rxi5JMlyNX9I/getUpdates "HTTP/1.1 200 OK"
2026-06-03 18:57:13,213 - httpx - INFO - HTTP Request: POST https://api.telegram.org/bot8232359959:AAHkrv7oHns4iteuHPJM8X-rxi5JMlyNX9I/getChatMember "HTTP/1.1 200 OK"
2026-06-03 18:57:22,235 - httpx - INFO - HTTP Request: POST https://api.telegram.org/bot8232359959:AAHkrv7oHns4iteuHPJM8X-rxi5JMlyNX9I/getUpdates "HTTP/1.1 200 OK"
2026-06-03 18:57:32,475 - httpx - INFO - HTTP Request: POST https://api.telegram.org/bot8232359959:AAHkrv7oHns4iteuHPJM8X-rxi5JMlyNX9I/getUpdates "HTTP/1.1 200 OK"
2026-06-03 18:57:33,293 - httpx - INFO - HTTP Request: POST https://api.telegram.org/bot8232359959:AAHkrv7oHns4iteuHPJM8X-rxi5JMlyNX9I/getUpdates "HTTP/1.1 200 OK"
2026-06-03 18:57:33,912 - httpx - INFO - HTTP Request: POST https://api.telegram.org/bot8232359959:AAHkrv7oHns4iteuHPJM8X-rxi5JMlyNX9I/getChatMember "HTTP/1.1 200 OK"
2026-06-03 18:57:43,534 - httpx - INFO - HTTP Request: POST https://api.telegram.org/bot8232359959:AAHkrv7oHns4iteuHPJM8X-rxi5JMlyNX9I/getUpdates "HTTP/1.1 200 OK"
2026-06-03 18:57:50,170 - __main__ - INFO - 📢 وجد 1 قناة تحتاج للنشر
2026-06-03 18:57:53,743 - httpx - INFO - HTTP Request: POST https://api.telegram.org/bot8232359959:AAHkrv7oHns4iteuHPJM8X-rxi5JMlyNX9I/getUpdates "HTTP/1.1 200 OK"
2026-06-03 18:58:00,845 - httpx - INFO - HTTP Request: POST https://api.telegram.org/bot8232359959:AAHkrv7oHns4iteuHPJM8X-rxi5JMlyNX9I/getUpdates "HTTP/1.1 200 OK"
2026-06-03 18:58:01,605 - httpx - INFO - HTTP Request: POST https://api.telegram.org/bot8232359959:AAHkrv7oHns4iteuHPJM8X-rxi5JMlyNX9I/getChatMember "HTTP/1.1 200 OK"
2026-06-03 18:58:01,966 - httpx - INFO - HTTP Request: POST https://api.telegram.org/bot8232359959:AAHkrv7oHns4iteuHPJM8X-rxi5JMlyNX9I/sendMessage "HTTP/1.1 200 OK"
2026-06-03 18:58:07,086 - httpx - INFO - HTTP Request: POST https://api.telegram.org/bot8232359959:AAHkrv7oHns4iteuHPJM8X-rxi5JMlyNX9I/getUpdates "HTTP/1.1 200 OK"
2026-06-03 18:58:07,747 - httpx - INFO - HTTP Request: POST https://api.telegram.org/bot8232359959:AAHkrv7oHns4iteuHPJM8X-rxi5JMlyNX9I/getChatMember "HTTP/1.1 200 OK"
2026-06-03 18:58:12,174 - httpx - INFO - HTTP Request: POST https://api.telegram.org/bot8232359959:AAHkrv7oHns4iteuHPJM8X-rxi5JMlyNX9I/getUpdates "HTTP/1.1 200 OK"
2026-06-03 18:58:12,384 - httpx - INFO - HTTP Request: POST https://api.telegram.org/bot8232359959:AAHkrv7oHns4iteuHPJM8X-rxi5JMlyNX9I/getChatMember "HTTP/1.1 200 OK"
2026-06-03 18:58:17,284 - httpx - INFO - HTTP Request: POST https://api.telegram.org/bot8232359959:AAHkrv7oHns4iteuHPJM8X-rxi5JMlyNX9I/getUpdates "HTTP/1.1 200 OK"
2026-06-03 18:58:17,503 - httpx - INFO - HTTP Request: POST https://api.telegram.org/bot8232359959:AAHkrv7oHns4iteuHPJM8X-rxi5JMlyNX9I/getChatMember "HTTP/1.1 200 OK"
2026-06-03 18:58:27,499 - httpx - INFO - HTTP Request: POST https://api.telegram.org/bot8232359959:AAHkrv7oHns4iteuHPJM8X-rxi5JMlyNX9I/getUpdates "HTTP/1.1 200 OK"
2026-06-03 18:58:29,488 - httpx - INFO - HTTP Request: POST https://api.telegram.org/bot8232359959:AAHkrv7oHns4iteuHPJM8X-rxi5JMlyNX9I/getUpdates "HTTP/1.1 200 OK"
2026-06-03 18:58:30,167 - httpx - INFO - HTTP Request: POST https://api.telegram.org/bot8232359959:AAHkrv7oHns4iteuHPJM8X-rxi5JMlyNX9I/getChatMember "HTTP/1.1 200 OK"
2026-06-03 18:58:30,520 - httpx - INFO - HTTP Request: POST https://api.telegram.org/bot8232359959:AAHkrv7oHns4iteuHPJM8X-rxi5JMlyNX9I/sendMessage "HTTP/1.1 200 OK"
2026-06-03 18:58:33,272 - httpx - INFO - HTTP Request: POST https://api.telegram.org/bot8232359959:AAHkrv7oHns4iteuHPJM8X-rxi5JMlyNX9I/getUpdates "HTTP/1.1 200 OK"
2026-06-03 18:58:33,596 - httpx - INFO - HTTP Request: POST https://api.telegram.org/bot8232359959:AAHkrv7oHns4iteuHPJM8X-rxi5JMlyNX9I/getChatMember "HTTP/1.1 200 OK"
2026-06-03 18:58:35,184 - __main__ - INFO - 📢 وجد 1 قناة تحتاج للنشر
2026-06-03 18:58:43,540 - httpx - INFO - HTTP Request: POST https://api.telegram.org/bot8232359959:AAHkrv7oHns4iteuHPJM8X-rxi5JMlyNX9I/getUpdates "HTTP/1.1 200 OK"
2026-06-03 18:58:53,767 - httpx - INFO - HTTP Request: POST https://api.telegram.org/bot8232359959:AAHkrv7oHns4iteuHPJM8X-rxi5JMlyNX9I/getUpdates "HTTP/1.1 200 OK"
2026-06-03 18:58:54,080 - httpx - INFO - HTTP Request: POST https://api.telegram.org/bot8232359959:AAHkrv7oHns4iteuHPJM8X-rxi5JMlyNX9I/getUpdates "HTTP/1.1 200 OK"
2026-06-03 18:58:54,840 - httpx - INFO - HTTP Request: POST https://api.telegram.org/bot8232359959:AAHkrv7oHns4iteuHPJM8X-rxi5JMlyNX9I/answerCallbackQuery "HTTP/1.1 200 OK"
2026-06-03 18:58:55,185 - httpx - INFO - HTTP Request: POST https://api.telegram.org/bot8232359959:AAHkrv7oHns4iteuHPJM8X-rxi5JMlyNX9I/editMessageText "HTTP/1.1 200 OK"
2026-06-03 18:58:55,356 - httpx - INFO - HTTP Request: POST https://api.telegram.org/bot8232359959:AAHkrv7oHns4iteuHPJM8X-rxi5JMlyNX9I/getUpdates "HTTP/1.1 200 OK"
2026-06-03 18:58:55,607 - httpx - INFO - HTTP Request: POST https://api.telegram.org/bot8232359959:AAHkrv7oHns4iteuHPJM8X-rxi5JMlyNX9I/getChatMember "HTTP/1.1 200 OK"
2026-06-03 18:59:04,431 - httpx - INFO - HTTP Request: POST https://api.telegram.org/bot8232359959:AAHkrv7oHns4iteuHPJM8X-rxi5JMlyNX9I/getUpdates "HTTP/1.1 200 OK"
2026-06-03 18:59:04,675 - httpx - INFO - HTTP Request: POST https://api.telegram.org/bot8232359959:AAHkrv7oHns4iteuHPJM8X-rxi5JMlyNX9I/getUpdates "HTTP/1.1 200 OK"
2026-06-03 18:59:05,087 - httpx - INFO - HTTP Request: POST https://api.telegram.org/bot8232359959:AAHkrv7oHns4iteuHPJM8X-rxi5JMlyNX9I/getUpdates "HTTP/1.1 200 OK"
2026-06-03 18:59:05,747 - httpx - INFO - HTTP Request: POST https://api.telegram.org/bot8232359959:AAHkrv7oHns4iteuHPJM8X-rxi5JMlyNX9I/answerCallbackQuery "HTTP/1.1 200 OK"
2026-06-03 18:59:06,144 - httpx - INFO - HTTP Request: POST https://api.telegram.org/bot8232359959:AAHkrv7oHns4iteuHPJM8X-rxi5JMlyNX9I/editMessageText "HTTP/1.1 200 OK"
2026-06-03 18:59:08,189 - httpx - INFO - HTTP Request: POST https://api.telegram.org/bot8232359959:AAHkrv7oHns4iteuHPJM8X-rxi5JMlyNX9I/getUpdates "HTTP/1.1 200 OK"
2026-06-03 18:59:08,425 - httpx - INFO - HTTP Request: POST https://api.telegram.org/bot8232359959:AAHkrv7oHns4iteuHPJM8X-rxi5JMlyNX9I/answerCallbackQuery "HTTP/1.1 200 OK"
2026-06-03 18:59:08,640 - httpx - INFO - HTTP Request: POST https://api.telegram.org/bot8232359959:AAHkrv7oHns4iteuHPJM8X-rxi5JMlyNX9I/answerCallbackQuery "HTTP/1.1 200 OK"
2026-06-03 18:59:08,882 - httpx - INFO - HTTP Request: POST https://api.telegram.org/bot8232359959:AAHkrv7oHns4iteuHPJM8X-rxi5JMlyNX9I/editMessageText "HTTP/1.1 200 OK"
2026-06-03 18:59:10,341 - httpx - INFO - HTTP Request: POST https://api.telegram.org/bot8232359959:AAHkrv7oHns4iteuHPJM8X-rxi5JMlyNX9I/getUpdates "HTTP/1.1 200 OK"
2026-06-03 18:59:10,869 - httpx - INFO - HTTP Request: POST https://api.telegram.org/bot8232359959:AAHkrv7oHns4iteuHPJM8X-rxi5JMlyNX9I/getUpdates "HTTP/1.1 200 OK"
2026-06-03 18:59:13,906 - httpx - INFO - HTTP Request: POST https://api.telegram.org/bot8232359959:AAHkrv7oHns4iteuHPJM8X-rxi5JMlyNX9I/sendDocument "HTTP/1.1 200 OK"
2026-06-03 18:59:14,150 - httpx - INFO - HTTP Request: POST https://api.telegram.org/bot8232359959:AAHkrv7oHns4iteuHPJM8X-rxi5JMlyNX9I/getChatMember "HTTP/1.1 200 OK"
2026-06-03 18:59:20,197 - __main__ - INFO - 📢 وجد 3 قناة تحتاج للنشر
2026-06-03 18:59:20,868 - httpx - INFO - HTTP Request: POST https://api.telegram.org/bot8232359959:AAHkrv7oHns4iteuHPJM8X-rxi5JMlyNX9I/getChatMember "HTTP/1.1 200 OK"
2026-06-03 18:59:21,071 - httpx - INFO - HTTP Request: POST https://api.telegram.org/bot8232359959:AAHkrv7oHns4iteuHPJM8X-rxi5JMlyNX9I/getUpdates "HTTP/1.1 200 OK"
2026-06-03 18:59:21,193 - httpx - INFO - HTTP Request: POST https://api.telegram.org/bot8232359959:AAHkrv7oHns4iteuHPJM8X-rxi5JMlyNX9I/sendMessage "HTTP/1.1 200 OK"
